TN:
SF:src/ differencegenerator.js
FN:5,readFile
FN:11,objectCompare
FN:37,genDiff
FNF:3
FNH:3
FNDA:2,readFile
FNDA:1,objectCompare
FNDA:1,genDiff
DA:1,1
DA:2,1
DA:3,1
DA:4,1
DA:5,1
DA:6,2
DA:7,2
DA:8,2
DA:9,2
DA:10,1
DA:11,1
DA:12,1
DA:13,1
DA:14,1
DA:15,5
DA:16,2
DA:17,2
DA:18,5
DA:19,1
DA:20,1
DA:21,5
DA:22,2
DA:23,1
DA:24,1
DA:25,2
DA:26,1
DA:27,1
DA:28,1
DA:29,2
DA:30,5
DA:31,1
DA:32,1
DA:33,1
DA:34,1
DA:35,1
DA:36,1
DA:37,1
DA:38,1
DA:39,1
DA:40,1
DA:41,1
DA:42,1
DA:43,1
LF:43
LH:43
BRDA:5,0,0,2
BRDA:11,1,0,1
BRDA:14,2,0,5
BRDA:15,3,0,4
BRDA:15,4,0,2
BRDA:18,5,0,1
BRDA:18,6,0,1
BRDA:21,7,0,4
BRDA:21,8,0,2
BRDA:22,9,0,1
BRDA:25,10,0,1
BRDA:37,11,0,1
BRF:12
BRH:12
end_of_record
